<?xml version="1.0" encoding="UTF-8"?>
<testsuite name="com.bridLabzs.HotelreservationTest" tests="1" skipped="0" failures="0" errors="0" timestamp="2021-06-28T19:21:32" hostname="ADMIN-PC" time="0.077">
  <properties/>
  <testcase name="givenHotelWillCheck_CheapestRate_from_TotalRate()" classname="com.bridLabzs.HotelreservationTest" time="0.077"/>
  <system-out><![CDATA[Saturday count==1
Sunday count==1
Saturday count==1
Sunday count==1
Hotel: LakewoodWeekday Rate: 330 & WeekEnd Rate: 180 & Totalrate is: 510 & Rating: 3
]]></system-out>
  <system-err><![CDATA[]]></system-err>
</testsuite>
