<?xml version="1.0" encoding="UTF-8"?>
<testsuite name="com.bridLabzs.HotelreservationTest" tests="1" skipped="0" failures="0" errors="0" timestamp="2021-06-26T03:52:49" hostname="ADMIN-PC" time="0.04">
  <properties/>
  <testcase name="givenHotel_whenInvokeAddHotel_shoulBeAbleToAdd()" classname="com.bridLabzs.HotelreservationTest" time="0.04"/>
  <system-out><![CDATA[]]></system-out>
  <system-err><![CDATA[]]></system-err>
</testsuite>
